android/app/build/intermediates/manifest_merge_blame_file/debug/manifest-merger-blame-debug-report.txt
1<?xml version="1.0" encoding="utf-8"?>
2<manifest xmlns:android="http://schemas.android.com/apk/res/android"
3    package="com.merchantapp"
4    android:versionCode="1"
5    android:versionName="1.0" >
6
7    <uses-sdk
8        android:minSdkVersion="16"
9        android:targetSdkVersion="28" />
10
11    <uses-permission android:name="android.permission.SYSTEM_ALERT_WINDOW" />
11-->src/debug/AndroidManifest.xml:5:5-77
11-->src/debug/AndroidManifest.xml:5:22-75
12    <uses-permission android:name="android.permission.INTERNET" />
12-->src/main/AndroidManifest.xml:4:5-67
12-->src/main/AndroidManifest.xml:4:22-64
13    <uses-permission android:name="android.permission.ACCESS_WIFI_STATE" />
13-->[com.facebook.flipper:flipper:0.33.1] AndroidManifest.xml:16:5-76
13-->[com.facebook.flipper:flipper:0.33.1] AndroidManifest.xml:16:22-73
14    <uses-permission android:name="android.permission.ACCESS_NETWORK_STATE" />
14-->[:react-native-community_netinfo] AndroidManifest.xml:9:5-79
14-->[:react-native-community_netinfo] AndroidManifest.xml:9:22-76
15
16    <application
16-->src/main/AndroidManifest.xml:6:5-25:19
17        android:name="com.merchantapp.MainApplication"
17-->src/main/AndroidManifest.xml:7:7-38
18        android:allowBackup="false"
18-->src/main/AndroidManifest.xml:11:7-34
19        android:appComponentFactory="androidx.core.app.CoreComponentFactory"
19-->[androidx.core:core:1.5.0-alpha01] AndroidManifest.xml:24:18-86
20        android:debuggable="true"
21        android:icon="@mipmap/ic_launcher"
21-->src/main/AndroidManifest.xml:9:7-41
22        android:label="@string/app_name"
22-->src/main/AndroidManifest.xml:8:7-39
23        android:roundIcon="@mipmap/ic_launcher_round"
23-->src/main/AndroidManifest.xml:10:7-52
24        android:testOnly="true"
25        android:theme="@style/AppTheme"
25-->src/main/AndroidManifest.xml:12:7-38
26        android:usesCleartextTraffic="true" >
26-->src/debug/AndroidManifest.xml:7:18-53
27        <activity
27-->src/main/AndroidManifest.xml:13:7-23:18
28            android:name="com.merchantapp.MainActivity"
28-->src/main/AndroidManifest.xml:14:9-37
29            android:configChanges="keyboard|keyboardHidden|orientation|screenSize|uiMode"
29-->src/main/AndroidManifest.xml:16:9-86
30            android:label="@string/app_name"
30-->src/main/AndroidManifest.xml:15:9-41
31            android:launchMode="singleTask"
31-->src/main/AndroidManifest.xml:17:9-40
32            android:windowSoftInputMode="adjustResize" >
32-->src/main/AndroidManifest.xml:18:9-51
33            <intent-filter>
33-->src/main/AndroidManifest.xml:19:9-22:25
34                <action android:name="android.intent.action.MAIN" />
34-->src/main/AndroidManifest.xml:20:13-65
34-->src/main/AndroidManifest.xml:20:21-62
35
36                <category android:name="android.intent.category.LAUNCHER" />
36-->src/main/AndroidManifest.xml:21:13-73
36-->src/main/AndroidManifest.xml:21:23-70
37            </intent-filter>
38        </activity>
39        <activity android:name="com.facebook.react.devsupport.DevSettingsActivity" />
39-->src/main/AndroidManifest.xml:24:7-84
39-->src/main/AndroidManifest.xml:24:17-81
40
41        <receiver
41-->[:react-native-sunmi-inner-printer] AndroidManifest.xml:12:9-36:20
42            android:name="com.sunmi.innerprinter.PrinterReceiver"
42-->[:react-native-sunmi-inner-printer] AndroidManifest.xml:13:13-66
43            android:enabled="true" >
43-->[:react-native-sunmi-inner-printer] AndroidManifest.xml:14:13-35
44            <intent-filter android:priority="1000" >
44-->[:react-native-sunmi-inner-printer] AndroidManifest.xml:15:13-35:29
44-->[:react-native-sunmi-inner-printer] AndroidManifest.xml:15:28-51
45
46                <!-- 缺纸异常 -->
47                <action android:name="woyou.aidlservice.jiuv5.OUT_OF_PAPER_ACTION" />
47-->[:react-native-sunmi-inner-printer] AndroidManifest.xml:18:17-86
47-->[:react-native-sunmi-inner-printer] AndroidManifest.xml:18:25-83
48                <!-- 打印错误 -->
49                <action android:name="woyou.aidlservice.jiuv5.ERROR_ACTION" />
49-->[:react-native-sunmi-inner-printer] AndroidManifest.xml:20:17-79
49-->[:react-native-sunmi-inner-printer] AndroidManifest.xml:20:25-76
50                <!-- 可以打印 -->
51                <action android:name="woyou.aidlservice.jiuv5.NORMAL_ACTION" />
51-->[:react-native-sunmi-inner-printer] AndroidManifest.xml:22:17-80
51-->[:react-native-sunmi-inner-printer] AndroidManifest.xml:22:25-77
52                <!-- 开盖子 -->
53                <action android:name="woyou.aidlservice.jiuv5.COVER_OPEN_ACTION" />
53-->[:react-native-sunmi-inner-printer] AndroidManifest.xml:24:17-84
53-->[:react-native-sunmi-inner-printer] AndroidManifest.xml:24:25-81
54                <!-- 关盖子异常 -->
55                <action android:name="woyou.aidlservice.jiuv5.COVER_ERROR_ACTION" />
55-->[:react-native-sunmi-inner-printer] AndroidManifest.xml:26:17-85
55-->[:react-native-sunmi-inner-printer] AndroidManifest.xml:26:25-82
56                <!-- 切刀异常1－卡切刀 -->
57                <action android:name="woyou.aidlservice.jiuv5.KNIFE_ERROR_ACTION_1" />
57-->[:react-native-sunmi-inner-printer] AndroidManifest.xml:28:17-87
57-->[:react-native-sunmi-inner-printer] AndroidManifest.xml:28:25-84
58                <!-- 切刀异常2－切刀修复 -->
59                <action android:name="woyou.aidlservice.jiuv5.KNIFE_ERROR_ACTION_2" />
59-->[:react-native-sunmi-inner-printer] AndroidManifest.xml:30:17-87
59-->[:react-native-sunmi-inner-printer] AndroidManifest.xml:30:25-84
60                <!-- 打印头过热异常 -->
61                <action android:name="woyou.aidlservice.jiuv5.OVER_HEATING_ACITON" />
61-->[:react-native-sunmi-inner-printer] AndroidManifest.xml:32:17-86
61-->[:react-native-sunmi-inner-printer] AndroidManifest.xml:32:25-83
62                <!-- 打印机固件开始升级 -->
63                <action android:name="woyou.aidlservice.jiuv5.FIRMWARE_UPDATING_ACITON" />
63-->[:react-native-sunmi-inner-printer] AndroidManifest.xml:34:17-91
63-->[:react-native-sunmi-inner-printer] AndroidManifest.xml:34:25-88
64            </intent-filter>
65        </receiver>
66
67        <meta-data
67-->[com.github.bumptech.glide:okhttp3-integration:4.11.0] AndroidManifest.xml:11:9-13:43
68            android:name="com.bumptech.glide.integration.okhttp3.OkHttpGlideModule"
68-->[com.github.bumptech.glide:okhttp3-integration:4.11.0] AndroidManifest.xml:12:13-84
69            android:value="GlideModule" />
69-->[com.github.bumptech.glide:okhttp3-integration:4.11.0] AndroidManifest.xml:13:13-40
70    </application>
71
72</manifest>